[1.109s] Invoking command in '/home/sudhanshu/Lab_code/camera_module_ws/src/yolov4': PYTHONPATH=/home/sudhanshu/Lab_code/camera_module_ws/src/build/yolov4/prefix_override:/home/sudhanshu/Lab_code/camera_module_ws/src/install/yolov4/lib/python3.10/site-packages:${PYTHONPATH} /usr/bin/python3 setup.py egg_info --egg-base ../build/yolov4 build --build-base /home/sudhanshu/Lab_code/camera_module_ws/src/build/yolov4/build install --record /home/sudhanshu/Lab_code/camera_module_ws/src/build/yolov4/install.log --single-version-externally-managed
[1.350s] running egg_info
[1.353s] creating ../build/yolov4/yolov4.egg-info
[1.354s] writing ../build/yolov4/yolov4.egg-info/PKG-INFO
[1.354s] writing dependency_links to ../build/yolov4/yolov4.egg-info/dependency_links.txt
[1.354s] writing entry points to ../build/yolov4/yolov4.egg-info/entry_points.txt
[1.354s] writing requirements to ../build/yolov4/yolov4.egg-info/requires.txt
[1.354s] writing top-level names to ../build/yolov4/yolov4.egg-info/top_level.txt
[1.354s] writing manifest file '../build/yolov4/yolov4.egg-info/SOURCES.txt'
[1.356s] reading manifest file '../build/yolov4/yolov4.egg-info/SOURCES.txt'
[1.356s] adding license file 'LICENSE'
[1.357s] writing manifest file '../build/yolov4/yolov4.egg-info/SOURCES.txt'
[1.357s] running build
[1.357s] running build_py
[1.357s] creating /home/sudhanshu/Lab_code/camera_module_ws/src/build/yolov4/build
[1.357s] creating /home/sudhanshu/Lab_code/camera_module_ws/src/build/yolov4/build/lib
[1.357s] creating /home/sudhanshu/Lab_code/camera_module_ws/src/build/yolov4/build/lib/yolov4
[1.357s] copying yolov4/__init__.py -> /home/sudhanshu/Lab_code/camera_module_ws/src/build/yolov4/build/lib/yolov4
[1.357s] copying yolov4/oakd_pro_camera_run.py -> /home/sudhanshu/Lab_code/camera_module_ws/src/build/yolov4/build/lib/yolov4
[1.357s] running install
[1.388s] /usr/lib/python3/dist-packages/setuptools/command/install.py:34: SetuptoolsDeprecationWarning: setup.py install is deprecated. Use build and pip and other standards-based tools.
[1.388s]   warnings.warn(
[1.388s] running install_lib
[1.389s] creating /home/sudhanshu/Lab_code/camera_module_ws/src/install/yolov4/lib/python3.10/site-packages/yolov4
[1.389s] copying /home/sudhanshu/Lab_code/camera_module_ws/src/build/yolov4/build/lib/yolov4/__init__.py -> /home/sudhanshu/Lab_code/camera_module_ws/src/install/yolov4/lib/python3.10/site-packages/yolov4
[1.389s] copying /home/sudhanshu/Lab_code/camera_module_ws/src/build/yolov4/build/lib/yolov4/oakd_pro_camera_run.py -> /home/sudhanshu/Lab_code/camera_module_ws/src/install/yolov4/lib/python3.10/site-packages/yolov4
[1.389s] byte-compiling /home/sudhanshu/Lab_code/camera_module_ws/src/install/yolov4/lib/python3.10/site-packages/yolov4/__init__.py to __init__.cpython-310.pyc
[1.390s] byte-compiling /home/sudhanshu/Lab_code/camera_module_ws/src/install/yolov4/lib/python3.10/site-packages/yolov4/oakd_pro_camera_run.py to oakd_pro_camera_run.cpython-310.pyc
[1.391s] running install_data
[1.391s] creating /home/sudhanshu/Lab_code/camera_module_ws/src/install/yolov4/share/ament_index
[1.392s] creating /home/sudhanshu/Lab_code/camera_module_ws/src/install/yolov4/share/ament_index/resource_index
[1.392s] creating /home/sudhanshu/Lab_code/camera_module_ws/src/install/yolov4/share/ament_index/resource_index/packages
[1.392s] copying resource/yolov4 -> /home/sudhanshu/Lab_code/camera_module_ws/src/install/yolov4/share/ament_index/resource_index/packages
[1.392s] copying package.xml -> /home/sudhanshu/Lab_code/camera_module_ws/src/install/yolov4/share/yolov4
[1.392s] running install_egg_info
[1.393s] Copying ../build/yolov4/yolov4.egg-info to /home/sudhanshu/Lab_code/camera_module_ws/src/install/yolov4/lib/python3.10/site-packages/yolov4-0.0.0-py3.10.egg-info
[1.394s] running install_scripts
[1.414s] Installing oakd_pro_camera_run script to /home/sudhanshu/Lab_code/camera_module_ws/src/install/yolov4/lib/yolov4
[1.415s] writing list of installed files to '/home/sudhanshu/Lab_code/camera_module_ws/src/build/yolov4/install.log'
[1.439s] Invoked command in '/home/sudhanshu/Lab_code/camera_module_ws/src/yolov4' returned '0': PYTHONPATH=/home/sudhanshu/Lab_code/camera_module_ws/src/build/yolov4/prefix_override:/home/sudhanshu/Lab_code/camera_module_ws/src/install/yolov4/lib/python3.10/site-packages:${PYTHONPATH} /usr/bin/python3 setup.py egg_info --egg-base ../build/yolov4 build --build-base /home/sudhanshu/Lab_code/camera_module_ws/src/build/yolov4/build install --record /home/sudhanshu/Lab_code/camera_module_ws/src/build/yolov4/install.log --single-version-externally-managed
