running egg_info
writing ../../build/yolov4/yolov4.egg-info/PKG-INFO
writing dependency_links to ../../build/yolov4/yolov4.egg-info/dependency_links.txt
writing entry points to ../../build/yolov4/yolov4.egg-info/entry_points.txt
writing requirements to ../../build/yolov4/yolov4.egg-info/requires.txt
writing top-level names to ../../build/yolov4/yolov4.egg-info/top_level.txt
reading manifest file '../../build/yolov4/yolov4.egg-info/SOURCES.txt'
adding license file 'LICENSE'
writing manifest file '../../build/yolov4/yolov4.egg-info/SOURCES.txt'
running build
running build_py
copying yolov4/oakd_pro_camera_run.py -> /home/turtlebot/sudhanshu_files/muro_lab/camera_module_ws/build/yolov4/build/lib/yolov4
running install
running install_lib
copying /home/turtlebot/sudhanshu_files/muro_lab/camera_module_ws/build/yolov4/build/lib/yolov4/oakd_pro_camera_run.py -> /home/turtlebot/sudhanshu_files/muro_lab/camera_module_ws/install/yolov4/lib/python3.10/site-packages/yolov4
byte-compiling /home/turtlebot/sudhanshu_files/muro_lab/camera_module_ws/install/yolov4/lib/python3.10/site-packages/yolov4/oakd_pro_camera_run.py to oakd_pro_camera_run.cpython-310.pyc
running install_data
running install_egg_info
removing '/home/turtlebot/sudhanshu_files/muro_lab/camera_module_ws/install/yolov4/lib/python3.10/site-packages/yolov4-0.0.0-py3.10.egg-info' (and everything under it)
Copying ../../build/yolov4/yolov4.egg-info to /home/turtlebot/sudhanshu_files/muro_lab/camera_module_ws/install/yolov4/lib/python3.10/site-packages/yolov4-0.0.0-py3.10.egg-info
running install_scripts
Installing oakd_pro_camera_run script to /home/turtlebot/sudhanshu_files/muro_lab/camera_module_ws/install/yolov4/lib/yolov4
writing list of installed files to '/home/turtlebot/sudhanshu_files/muro_lab/camera_module_ws/build/yolov4/install.log'
