[0.777s] Invoking command in '/home/sudhanshu/Lab_code/camera_module_ws/src/yolov4': PYTHONPATH=/home/sudhanshu/Lab_code/camera_module_ws/src/build/yolov4/prefix_override:/home/sudhanshu/Lab_code/camera_module_ws/src/install/yolov4/lib/python3.10/site-packages:${PYTHONPATH} /usr/bin/python3 setup.py egg_info --egg-base ../build/yolov4 build --build-base /home/sudhanshu/Lab_code/camera_module_ws/src/build/yolov4/build install --record /home/sudhanshu/Lab_code/camera_module_ws/src/build/yolov4/install.log --single-version-externally-managed
[1.016s] running egg_info
[1.016s] writing ../build/yolov4/yolov4.egg-info/PKG-INFO
[1.017s] writing dependency_links to ../build/yolov4/yolov4.egg-info/dependency_links.txt
[1.017s] writing entry points to ../build/yolov4/yolov4.egg-info/entry_points.txt
[1.017s] writing requirements to ../build/yolov4/yolov4.egg-info/requires.txt
[1.017s] writing top-level names to ../build/yolov4/yolov4.egg-info/top_level.txt
[1.018s] reading manifest file '../build/yolov4/yolov4.egg-info/SOURCES.txt'
[1.019s] adding license file 'LICENSE'
[1.019s] writing manifest file '../build/yolov4/yolov4.egg-info/SOURCES.txt'
[1.019s] running build
[1.019s] running build_py
[1.020s] running install
[1.020s] /usr/lib/python3/dist-packages/setuptools/command/install.py:34: SetuptoolsDeprecationWarning: setup.py install is deprecated. Use build and pip and other standards-based tools.
[1.020s]   warnings.warn(
[1.020s] running install_lib
[1.021s] running install_data
[1.022s] running install_egg_info
[1.023s] removing '/home/sudhanshu/Lab_code/camera_module_ws/src/install/yolov4/lib/python3.10/site-packages/yolov4-0.0.0-py3.10.egg-info' (and everything under it)
[1.023s] Copying ../build/yolov4/yolov4.egg-info to /home/sudhanshu/Lab_code/camera_module_ws/src/install/yolov4/lib/python3.10/site-packages/yolov4-0.0.0-py3.10.egg-info
[1.024s] running install_scripts
[1.046s] Installing oakd_pro_camera_run script to /home/sudhanshu/Lab_code/camera_module_ws/src/install/yolov4/lib/yolov4
[1.046s] writing list of installed files to '/home/sudhanshu/Lab_code/camera_module_ws/src/build/yolov4/install.log'
[1.070s] Invoked command in '/home/sudhanshu/Lab_code/camera_module_ws/src/yolov4' returned '0': PYTHONPATH=/home/sudhanshu/Lab_code/camera_module_ws/src/build/yolov4/prefix_override:/home/sudhanshu/Lab_code/camera_module_ws/src/install/yolov4/lib/python3.10/site-packages:${PYTHONPATH} /usr/bin/python3 setup.py egg_info --egg-base ../build/yolov4 build --build-base /home/sudhanshu/Lab_code/camera_module_ws/src/build/yolov4/build install --record /home/sudhanshu/Lab_code/camera_module_ws/src/build/yolov4/install.log --single-version-externally-managed
